<?xml version="1.0" encoding="UTF-8"?>
<!-- Generated by org.testng.reporters.JUnitReportReporter -->
<testsuite hostname="milind-Latitude-3420" failures="0" tests="1" name="com.sos.testRunner.TestNG_TestRunner" time="90.652" errors="0" timestamp="2023-12-07T21:08:22 IST" skipped="0">
  <testcase classname="com.sos.testRunner.TestNG_TestRunner" name="runScenario" time="90.652"/>
</testsuite> <!-- com.sos.testRunner.TestNG_TestRunner -->
