<?xml version="1.0" encoding="UTF-8"?>
<!-- Generated by org.testng.reporters.JUnitReportReporter -->
<testsuite hostname="milind-Latitude-3420" failures="0" tests="4" name="com.sos.testRunner.TestNG_TestRunner" time="535.218" errors="0" timestamp="2023-12-08T22:39:44 IST" skipped="0">
  <testcase classname="com.sos.testRunner.TestNG_TestRunner" name="runScenario" time="113.525"/>
  <testcase classname="com.sos.testRunner.TestNG_TestRunner" name="runScenario" time="139.846"/>
  <testcase classname="com.sos.testRunner.TestNG_TestRunner" name="runScenario" time="149.753"/>
  <testcase classname="com.sos.testRunner.TestNG_TestRunner" name="runScenario" time="132.094"/>
</testsuite> <!-- com.sos.testRunner.TestNG_TestRunner -->
