<?xml version="1.0" encoding="UTF-8"?>
<!-- Generated by org.testng.reporters.JUnitReportReporter -->
<testsuite hostname="milind-Latitude-3420" failures="0" tests="1" name="com.STS.SoftSolutions.AppTest" time="2.897" errors="0" timestamp="2023-11-15T20:22:03 IST" skipped="0">
  <testcase classname="com.STS.SoftSolutions.AppTest" name="runTest" time="2.897"/>
</testsuite> <!-- com.STS.SoftSolutions.AppTest -->
