<?xml version="1.0" encoding="UTF-8"?>
<!-- Generated by org.testng.reporters.JUnitReportReporter -->
<testsuite hostname="milind-Latitude-3420" failures="0" tests="2" name="com.sos.testCases.CustomerFlow" time="7.857" errors="0" timestamp="2023-11-17T12:25:48 IST" skipped="0">
  <testcase classname="com.sos.testCases.CustomerFlow" name="runTest" time="7.543"/>
  <testcase classname="com.sos.testCases.CustomerFlow" name="getCitiesList" time="0.314"/>
</testsuite> <!-- com.sos.testCases.CustomerFlow -->
