<?xml version="1.0" encoding="UTF-8"?>
<!-- Generated by org.testng.reporters.JUnitReportReporter -->
<testsuite hostname="milind-Latitude-3420" failures="0" tests="12" name="com.sos.testRunner.TestNG_TestRunner" time="2289.415" errors="0" timestamp="2023-12-07T18:07:05 IST" skipped="0">
  <testcase classname="com.sos.testRunner.TestNG_TestRunner" name="runScenario" time="140.441"/>
  <testcase classname="com.sos.testRunner.TestNG_TestRunner" name="runScenario" time="176.437"/>
  <testcase classname="com.sos.testRunner.TestNG_TestRunner" name="runScenario" time="130.075"/>
  <testcase classname="com.sos.testRunner.TestNG_TestRunner" name="runScenario" time="170.218"/>
  <testcase classname="com.sos.testRunner.TestNG_TestRunner" name="runScenario" time="141.530"/>
  <testcase classname="com.sos.testRunner.TestNG_TestRunner" name="runScenario" time="356.572"/>
  <testcase classname="com.sos.testRunner.TestNG_TestRunner" name="runScenario" time="165.249"/>
  <testcase classname="com.sos.testRunner.TestNG_TestRunner" name="runScenario" time="115.498"/>
  <testcase classname="com.sos.testRunner.TestNG_TestRunner" name="runScenario" time="131.504"/>
  <testcase classname="com.sos.testRunner.TestNG_TestRunner" name="runScenario" time="320.583"/>
  <testcase classname="com.sos.testRunner.TestNG_TestRunner" name="runScenario" time="268.002"/>
  <testcase classname="com.sos.testRunner.TestNG_TestRunner" name="runScenario" time="173.306"/>
</testsuite> <!-- com.sos.testRunner.TestNG_TestRunner -->
