<?xml version="1.0" encoding="UTF-8"?>
<!-- Generated by org.testng.reporters.JUnitReportReporter -->
<testsuite hostname="milind-Latitude-3420" failures="2" tests="13" name="com.sos.testRunner.TestNG_TestRunner" time="2321.161" errors="0" timestamp="2023-11-27T22:26:43 IST" skipped="0">
  <testcase classname="com.sos.testRunner.TestNG_TestRunner" name="runScenario" time="360.414"/>
  <testcase classname="com.sos.testRunner.TestNG_TestRunner" name="runScenario" time="137.503">
    <failure message="expected [1029] but found [1011]" type="java.lang.AssertionError">
      <![CDATA[java.lang.AssertionError: expected [1029] but found [1011]
at org.testng.Assert.fail(Assert.java:111)
at org.testng.Assert.failNotEquals(Assert.java:1578)
at org.testng.Assert.assertEqualsImpl(Assert.java:150)
at org.testng.Assert.assertEquals(Assert.java:132)
at org.testng.Assert.assertEquals(Assert.java:1419)
at org.testng.Assert.assertEquals(Assert.java:1383)
at org.testng.Assert.assertEquals(Assert.java:1429)
at com.sos.stepDefinitions.RAUploadYourDraft.validate_the_quotation_price_details(RAUploadYourDraft.java:123)
at ✽.validate the Quotation Price Details(file:///home/milind/Desktop/WebTestFolder/ProjectFirst/SoftSolutions/src/test/resources/HSFeatures/UploadYourDraft.feature:22)
]]>
    </failure>
  </testcase> <!-- runScenario -->
  <testcase classname="com.sos.testRunner.TestNG_TestRunner" name="runScenario" time="172.709"/>
  <testcase classname="com.sos.testRunner.TestNG_TestRunner" name="runScenario" time="124.909">
    <failure message="expected [1872] but found [1854]" type="java.lang.AssertionError">
      <![CDATA[java.lang.AssertionError: expected [1872] but found [1854]
at org.testng.Assert.fail(Assert.java:111)
at org.testng.Assert.failNotEquals(Assert.java:1578)
at org.testng.Assert.assertEqualsImpl(Assert.java:150)
at org.testng.Assert.assertEquals(Assert.java:132)
at org.testng.Assert.assertEquals(Assert.java:1419)
at org.testng.Assert.assertEquals(Assert.java:1383)
at org.testng.Assert.assertEquals(Assert.java:1429)
at com.sos.stepDefinitions.RAUploadYourDraft.validate_the_quotation_price_detailss(RAUploadYourDraft.java:174)
at ✽.validate the Quotation Price Details After adding extracopy(file:///home/milind/Desktop/WebTestFolder/ProjectFirst/SoftSolutions/src/test/resources/HSFeatures/UploadYourDraft.feature:55)
]]>
    </failure>
  </testcase> <!-- runScenario -->
  <testcase classname="com.sos.testRunner.TestNG_TestRunner" name="runScenario" time="132.227"/>
  <testcase classname="com.sos.testRunner.TestNG_TestRunner" name="runScenario" time="46.432"/>
  <testcase classname="com.sos.testRunner.TestNG_TestRunner" name="runScenario" time="110.672"/>
  <testcase classname="com.sos.testRunner.TestNG_TestRunner" name="runScenario" time="176.546"/>
  <testcase classname="com.sos.testRunner.TestNG_TestRunner" name="runScenario" time="257.127"/>
  <testcase classname="com.sos.testRunner.TestNG_TestRunner" name="runScenario" time="318.201"/>
  <testcase classname="com.sos.testRunner.TestNG_TestRunner" name="runScenario" time="173.508"/>
  <testcase classname="com.sos.testRunner.TestNG_TestRunner" name="runScenario" time="134.206"/>
  <testcase classname="com.sos.testRunner.TestNG_TestRunner" name="runScenario" time="176.707"/>
</testsuite> <!-- com.sos.testRunner.TestNG_TestRunner -->
