<?xml version="1.0" encoding="UTF-8"?>
<!-- Generated by org.testng.reporters.JUnitReportReporter -->
<testsuite hostname="milind-Latitude-3420" failures="0" tests="1" name="com.sos.testRunner.TestClass" time="3.236" errors="0" timestamp="2023-12-08T22:55:18 IST" skipped="0">
  <testcase classname="com.sos.testRunner.TestClass" name="mainMethod" time="3.236"/>
</testsuite> <!-- com.sos.testRunner.TestClass -->
