<?xml version="1.0" encoding="UTF-8"?>
<!-- Generated by org.testng.reporters.JUnitReportReporter -->
<testsuite hostname="milind-Latitude-3420" failures="0" tests="1" name="com.sos.Integration.BaseTest" time="4.019" errors="0" timestamp="2023-11-17T12:41:58 IST" skipped="0">
  <testcase classname="com.sos.Integration.BaseTest" name="getWebDriverInstanceMobileEmulation" time="4.019"/>
</testsuite> <!-- com.sos.Integration.BaseTest -->
