<?xml version="1.0" encoding="UTF-8"?>
<!-- Generated by org.testng.reporters.JUnitReportReporter -->
<testsuite hostname="milind-Latitude-3420" failures="7" tests="12" name="com.sos.testRunner.TestNG_TestRunner" time="1325.475" errors="3" timestamp="2023-12-07T20:38:04 IST" skipped="0">
  <testcase classname="com.sos.testRunner.TestNG_TestRunner" name="runScenario" time="127.005">
    <failure message="Failed to click on element [By.xpath: //*[contains(text(),&#039;Save and Continue&#039;)]]" type="java.lang.AssertionError">
      <![CDATA[java.lang.AssertionError: Failed to click on element [By.xpath: //*[contains(text(),'Save and Continue')]]
at org.testng.Assert.fail(Assert.java:111)
at com.sos.CommonFactory.CommonSelenium.click(CommonSelenium.java:189)
at com.sos.Pages.WebPages.RentalServiceWebPage.SaveAndContinueBtn(RentalServiceWebPage.java:99)
at com.sos.stepDefinitions.RAEstampAgreementFlow.clicks_on_save_and_continue_button(RAEstampAgreementFlow.java:66)
at ✽.Clicks on Save and Continue button(file:///home/milind/Desktop/WebTestFolder/ProjectFirst/SoftSolutions/src/test/resources/HSFeatures/NewContiuneFLow.feature:67)
]]>
    </failure>
  </testcase> <!-- runScenario -->
  <testcase classname="com.sos.testRunner.TestNG_TestRunner" name="runScenario" time="124.191"/>
  <testcase classname="com.sos.testRunner.TestNG_TestRunner" name="runScenario" time="14.059">
    <error message="disconnected: unable to send message to renderer
  (failed to check if window was closed: disconnected: not connected to DevTools)
  (Session info: chrome=119.0.6045.159)
Build info: version: &#039;4.13.0&#039;, revision: &#039;ba948ece5b*&#039;
System info: os.name: &#039;Linux&#039;, os.arch: &#039;amd64&#039;, os.version: &#039;5.15.0-89-generic&#039;, java.version: &#039;11.0.15.1&#039;
Driver info: org.openqa.selenium.chrome.ChromeDriver
Command: [8b1bfa4e1af9f64c8827b7a1b9252f8e, findElement {using=xpath, value=//div[@class=&#039;otp-wrapper&#039;]//input}]
Capabilities {acceptInsecureCerts: false, browserName: chrome, browserVersion: 119.0.6045.159, chrome: {chromedriverVersion: 119.0.6045.105 (38c72552c5e..., userDataDir: /tmp/.org.chromium.Chromium...}, fedcm:accounts: true, goog:chromeOptions: {debuggerAddress: localhost:36779}, networkConnectionEnabled: false, pageLoadStrategy: normal, platformName: linux, proxy: Proxy(), se:cdp: ws://localhost:36779/devtoo..., se:cdpVersion: 119.0.6045.159, setWindowRect: true, strictFileInteractability: false, timeouts: {implicit: 0, pageLoad: 300000, script: 30000}, unhandledPromptBehavior: dismiss and notify, webauthn:extension:credBlob: true, webauthn:extension:largeBlob: true, webauthn:extension:minPinLength: true, webauthn:extension:prf: true, webauthn:virtualAuthenticators: true}
Session ID: 8b1bfa4e1af9f64c8827b7a1b9252f8e" type="org.openqa.selenium.WebDriverException">
      <![CDATA[org.openqa.selenium.WebDriverException: disconnected: unable to send message to renderer
  (failed to check if window was closed: disconnected: not connected to DevTools)
  (Session info: chrome=119.0.6045.159)
Build info: version: '4.13.0', revision: 'ba948ece5b*'
System info: os.name: 'Linux', os.arch: 'amd64', os.version: '5.15.0-89-generic', java.version: '11.0.15.1'
Driver info: org.openqa.selenium.chrome.ChromeDriver
Command: [8b1bfa4e1af9f64c8827b7a1b9252f8e, findElement {using=xpath, value=//div[@class='otp-wrapper']//input}]
Capabilities {acceptInsecureCerts: false, browserName: chrome, browserVersion: 119.0.6045.159, chrome: {chromedriverVersion: 119.0.6045.105 (38c72552c5e..., userDataDir: /tmp/.org.chromium.Chromium...}, fedcm:accounts: true, goog:chromeOptions: {debuggerAddress: localhost:36779}, networkConnectionEnabled: false, pageLoadStrategy: normal, platformName: linux, proxy: Proxy(), se:cdp: ws://localhost:36779/devtoo..., se:cdpVersion: 119.0.6045.159, setWindowRect: true, strictFileInteractability: false, timeouts: {implicit: 0, pageLoad: 300000, script: 30000}, unhandledPromptBehavior: dismiss and notify, webauthn:extension:credBlob: true, webauthn:extension:largeBlob: true, webauthn:extension:minPinLength: true, webauthn:extension:prf: true, webauthn:virtualAuthenticators: true}
Session ID: 8b1bfa4e1af9f64c8827b7a1b9252f8e
at java.base/jdk.internal.reflect.NativeConstructorAccessorImpl.newInstance0(Native Method)
at java.base/jdk.internal.reflect.NativeConstructorAccessorImpl.newInstance(NativeConstructorAccessorImpl.java:62)
at java.base/jdk.internal.reflect.DelegatingConstructorAccessorImpl.newInstance(DelegatingConstructorAccessorImpl.java:45)
at java.base/java.lang.reflect.Constructor.newInstance(Constructor.java:490)
at org.openqa.selenium.remote.codec.w3c.W3CHttpResponseCodec.createException(W3CHttpResponseCodec.java:200)
at org.openqa.selenium.remote.codec.w3c.W3CHttpResponseCodec.decode(W3CHttpResponseCodec.java:133)
at org.openqa.selenium.remote.codec.w3c.W3CHttpResponseCodec.decode(W3CHttpResponseCodec.java:52)
at org.openqa.selenium.remote.HttpCommandExecutor.execute(HttpCommandExecutor.java:191)
at org.openqa.selenium.remote.service.DriverCommandExecutor.invokeExecute(DriverCommandExecutor.java:196)
at org.openqa.selenium.remote.service.DriverCommandExecutor.execute(DriverCommandExecutor.java:171)
at org.openqa.selenium.remote.RemoteWebDriver.execute(RemoteWebDriver.java:602)
at org.openqa.selenium.remote.ElementLocation$ElementFinder$2.findElement(ElementLocation.java:165)
at org.openqa.selenium.remote.ElementLocation.findElement(ElementLocation.java:59)
at org.openqa.selenium.remote.RemoteWebDriver.findElement(RemoteWebDriver.java:359)
at org.openqa.selenium.remote.RemoteWebDriver.findElement(RemoteWebDriver.java:353)
at com.sos.CommonFactory.CommonSelenium.isElementPresent(CommonSelenium.java:123)
at com.sos.Pages.WebPages.RentalServiceWebPage.loginSignUpMethod(RentalServiceWebPage.java:231)
at com.sos.stepDefinitions.TenantVerifications.the_user_logs_in_with_valid_login_credentials(TenantVerifications.java:26)
at ✽.the user logs in with valid login credentials(file:///home/milind/Desktop/WebTestFolder/ProjectFirst/SoftSolutions/src/test/resources/HSFeatures/TenatVerifications.feature:6)
]]>
    </error>
  </testcase> <!-- runScenario -->
  <testcase classname="com.sos.testRunner.TestNG_TestRunner" name="runScenario" time="126.541">
    <failure message="Failed to click on element [By.id: 6389be879d1a9cc5d788f8d6]" type="java.lang.AssertionError">
      <![CDATA[java.lang.AssertionError: Failed to click on element [By.id: 6389be879d1a9cc5d788f8d6]
at org.testng.Assert.fail(Assert.java:111)
at com.sos.CommonFactory.CommonSelenium.click(CommonSelenium.java:189)
at com.sos.Pages.WebPages.RentalServiceWebPage.genrateEstimate(RentalServiceWebPage.java:306)
at com.sos.stepDefinitions.RAEstampAgreementFlow.user_selects_stamp_agreement_duration_and_notarised_agreement_e_sign_and_delivery_addons(RAEstampAgreementFlow.java:61)
at ✽.User Selects Stamp "₹ 100 Stamp", Agreement Duration "October 2023", and Notarised Agreement, E-Sign 2 and Delivery addons(file:///home/milind/Desktop/WebTestFolder/ProjectFirst/SoftSolutions/src/test/resources/HSFeatures/NewContiuneFLow.feature:11)
]]>
    </failure>
  </testcase> <!-- runScenario -->
  <testcase classname="com.sos.testRunner.TestNG_TestRunner" name="runScenario" time="133.888">
    <error message="no such window: target window already closed
from unknown error: web view not found
  (Session info: chrome=119.0.6045.159)
Build info: version: &#039;4.13.0&#039;, revision: &#039;ba948ece5b*&#039;
System info: os.name: &#039;Linux&#039;, os.arch: &#039;amd64&#039;, os.version: &#039;5.15.0-89-generic&#039;, java.version: &#039;11.0.15.1&#039;
Driver info: org.openqa.selenium.chrome.ChromeDriver
Command: [e2e1809b3b5fca5145882766bf988fdc, getElementText {id=4ADE6A9AE35D83F89F2A9B2945ACF3DC_element_352}]
Capabilities {acceptInsecureCerts: false, browserName: chrome, browserVersion: 119.0.6045.159, chrome: {chromedriverVersion: 119.0.6045.105 (38c72552c5e..., userDataDir: /tmp/.org.chromium.Chromium...}, fedcm:accounts: true, goog:chromeOptions: {debuggerAddress: localhost:39769}, networkConnectionEnabled: false, pageLoadStrategy: normal, platformName: linux, proxy: Proxy(), se:cdp: ws://localhost:39769/devtoo..., se:cdpVersion: 119.0.6045.159, setWindowRect: true, strictFileInteractability: false, timeouts: {implicit: 0, pageLoad: 300000, script: 30000}, unhandledPromptBehavior: dismiss and notify, webauthn:extension:credBlob: true, webauthn:extension:largeBlob: true, webauthn:extension:minPinLength: true, webauthn:extension:prf: true, webauthn:virtualAuthenticators: true}
Element: [[ChromeDriver: chrome on linux (e2e1809b3b5fca5145882766bf988fdc)] -&gt; xpath: //div[@class=&#039;ls-summary-lineitem&#039;]]
Session ID: e2e1809b3b5fca5145882766bf988fdc" type="org.openqa.selenium.NoSuchWindowException">
      <![CDATA[org.openqa.selenium.NoSuchWindowException: no such window: target window already closed
from unknown error: web view not found
  (Session info: chrome=119.0.6045.159)
Build info: version: '4.13.0', revision: 'ba948ece5b*'
System info: os.name: 'Linux', os.arch: 'amd64', os.version: '5.15.0-89-generic', java.version: '11.0.15.1'
Driver info: org.openqa.selenium.chrome.ChromeDriver
Command: [e2e1809b3b5fca5145882766bf988fdc, getElementText {id=4ADE6A9AE35D83F89F2A9B2945ACF3DC_element_352}]
Capabilities {acceptInsecureCerts: false, browserName: chrome, browserVersion: 119.0.6045.159, chrome: {chromedriverVersion: 119.0.6045.105 (38c72552c5e..., userDataDir: /tmp/.org.chromium.Chromium...}, fedcm:accounts: true, goog:chromeOptions: {debuggerAddress: localhost:39769}, networkConnectionEnabled: false, pageLoadStrategy: normal, platformName: linux, proxy: Proxy(), se:cdp: ws://localhost:39769/devtoo..., se:cdpVersion: 119.0.6045.159, setWindowRect: true, strictFileInteractability: false, timeouts: {implicit: 0, pageLoad: 300000, script: 30000}, unhandledPromptBehavior: dismiss and notify, webauthn:extension:credBlob: true, webauthn:extension:largeBlob: true, webauthn:extension:minPinLength: true, webauthn:extension:prf: true, webauthn:virtualAuthenticators: true}
Element: [[ChromeDriver: chrome on linux (e2e1809b3b5fca5145882766bf988fdc)] -> xpath: //div[@class='ls-summary-lineitem']]
Session ID: e2e1809b3b5fca5145882766bf988fdc
at java.base/jdk.internal.reflect.NativeConstructorAccessorImpl.newInstance0(Native Method)
at java.base/jdk.internal.reflect.NativeConstructorAccessorImpl.newInstance(NativeConstructorAccessorImpl.java:62)
at java.base/jdk.internal.reflect.DelegatingConstructorAccessorImpl.newInstance(DelegatingConstructorAccessorImpl.java:45)
at java.base/java.lang.reflect.Constructor.newInstance(Constructor.java:490)
at org.openqa.selenium.remote.codec.w3c.W3CHttpResponseCodec.createException(W3CHttpResponseCodec.java:200)
at org.openqa.selenium.remote.codec.w3c.W3CHttpResponseCodec.decode(W3CHttpResponseCodec.java:133)
at org.openqa.selenium.remote.codec.w3c.W3CHttpResponseCodec.decode(W3CHttpResponseCodec.java:52)
at org.openqa.selenium.remote.HttpCommandExecutor.execute(HttpCommandExecutor.java:191)
at org.openqa.selenium.remote.service.DriverCommandExecutor.invokeExecute(DriverCommandExecutor.java:196)
at org.openqa.selenium.remote.service.DriverCommandExecutor.execute(DriverCommandExecutor.java:171)
at org.openqa.selenium.remote.RemoteWebDriver.execute(RemoteWebDriver.java:602)
at org.openqa.selenium.remote.RemoteWebElement.execute(RemoteWebElement.java:224)
at org.openqa.selenium.remote.RemoteWebElement.getText(RemoteWebElement.java:192)
at com.sos.Pages.WebPages.RentalServiceWebPage.sumLineItemAmounts(RentalServiceWebPage.java:380)
at com.sos.stepDefinitions.RAStampedAgreement.validating_the_title_and_price_details_in_summary_page(RAStampedAgreement.java:126)
at ✽.validating the title "E-Stamped Agreement" and Price details in SummaryPage(file:///home/milind/Desktop/WebTestFolder/ProjectFirst/SoftSolutions/src/test/resources/HSFeatures/E-Stamped%20Agreement.feature:32)
]]>
    </error>
  </testcase> <!-- runScenario -->
  <testcase classname="com.sos.testRunner.TestNG_TestRunner" name="runScenario" time="132.994">
    <failure message="Failed to click on element [By.xpath: //*[@class=&#039;stepcontent&#039; and text()=&#039;Summary&#039;]]" type="java.lang.AssertionError">
      <![CDATA[java.lang.AssertionError: Failed to click on element [By.xpath: //*[@class='stepcontent' and text()='Summary']]
at org.testng.Assert.fail(Assert.java:111)
at com.sos.CommonFactory.CommonSelenium.click(CommonSelenium.java:189)
at com.sos.Pages.WebPages.RentalServiceWebPage.clickOnSummary(RentalServiceWebPage.java:537)
at com.sos.stepDefinitions.RAStampedAgreement.clicking_on_the_summary_content_and_redirects_on_the_summary_page(RAStampedAgreement.java:93)
at ✽.clicking on the summaryContent and redirects on the SummaryPage(file:///home/milind/Desktop/WebTestFolder/ProjectFirst/SoftSolutions/src/test/resources/HSFeatures/E-Stamped%20Agreement.feature:46)
]]>
    </failure>
  </testcase> <!-- runScenario -->
  <testcase classname="com.sos.testRunner.TestNG_TestRunner" name="runScenario" time="129.709">
    <failure message="Failed to scroll to element: By.xpath: //div[text()=&#039;Select Gender&#039;]" type="java.lang.AssertionError">
      <![CDATA[java.lang.AssertionError: Failed to scroll to element: By.xpath: //div[text()='Select Gender']
at org.testng.Assert.fail(Assert.java:111)
at com.sos.CommonFactory.CommonSelenium.scrollUpto(CommonSelenium.java:303)
at com.sos.Pages.WebPages.RentalServiceWebPage.tenantBasicVerificationDetails(RentalServiceWebPage.java:128)
at com.sos.stepDefinitions.TenantVerifications.entering_verification_details_id_id_no_name_phone_dob_gender_and_father_name(TenantVerifications.java:62)
at ✽.Entering Verification Details ID "PAN Card" ID No "BREPG1234F" name "Milind" phone "9876543210" DOB "11112000" Gender and FatherName "John Doe"(file:///home/milind/Desktop/WebTestFolder/ProjectFirst/SoftSolutions/src/test/resources/HSFeatures/TenatVerifications.feature:23)
]]>
    </failure>
  </testcase> <!-- runScenario -->
  <testcase classname="com.sos.testRunner.TestNG_TestRunner" name="runScenario" time="138.050">
    <failure message="Failed to click on element [By.xpath: //div[.//div[@class=&#039;font-semibold text-18&#039; and text()=&#039;Landlord Detail&#039;]]/div[@class=&#039;abs-pos&#039;]//div[text()=&#039;Edit&#039;]]" type="java.lang.AssertionError">
      <![CDATA[java.lang.AssertionError: Failed to click on element [By.xpath: //div[.//div[@class='font-semibold text-18' and text()='Landlord Detail']]/div[@class='abs-pos']//div[text()='Edit']]
at org.testng.Assert.fail(Assert.java:111)
at com.sos.CommonFactory.CommonSelenium.click(CommonSelenium.java:189)
at com.sos.Pages.WebPages.RentalServiceWebPage.editSummaryDetails(RentalServiceWebPage.java:521)
at com.sos.stepDefinitions.RAStampedAgreement.clickingOn(RAStampedAgreement.java:146)
at ✽.clicking on Edit "Landlord Detail"(file:///home/milind/Desktop/WebTestFolder/ProjectFirst/SoftSolutions/src/test/resources/HSFeatures/E-Stamped%20Agreement.feature:72)
]]>
    </failure>
  </testcase> <!-- runScenario -->
  <testcase classname="com.sos.testRunner.TestNG_TestRunner" name="runScenario" time="21.311">
    <error message="disconnected: unable to send message to renderer
  (failed to check if window was closed: disconnected: not connected to DevTools)
  (Session info: chrome=119.0.6045.159)
Build info: version: &#039;4.13.0&#039;, revision: &#039;ba948ece5b*&#039;
System info: os.name: &#039;Linux&#039;, os.arch: &#039;amd64&#039;, os.version: &#039;5.15.0-89-generic&#039;, java.version: &#039;11.0.15.1&#039;
Driver info: org.openqa.selenium.chrome.ChromeDriver
Command: [0bb9435f321209b6b82baeba325b9806, findElement {using=xpath, value=//div[@class=&#039;otp-wrapper&#039;]//input}]
Capabilities {acceptInsecureCerts: false, browserName: chrome, browserVersion: 119.0.6045.159, chrome: {chromedriverVersion: 119.0.6045.105 (38c72552c5e..., userDataDir: /tmp/.org.chromium.Chromium...}, fedcm:accounts: true, goog:chromeOptions: {debuggerAddress: localhost:39127}, networkConnectionEnabled: false, pageLoadStrategy: normal, platformName: linux, proxy: Proxy(), se:cdp: ws://localhost:39127/devtoo..., se:cdpVersion: 119.0.6045.159, setWindowRect: true, strictFileInteractability: false, timeouts: {implicit: 0, pageLoad: 300000, script: 30000}, unhandledPromptBehavior: dismiss and notify, webauthn:extension:credBlob: true, webauthn:extension:largeBlob: true, webauthn:extension:minPinLength: true, webauthn:extension:prf: true, webauthn:virtualAuthenticators: true}
Session ID: 0bb9435f321209b6b82baeba325b9806" type="org.openqa.selenium.WebDriverException">
      <![CDATA[org.openqa.selenium.WebDriverException: disconnected: unable to send message to renderer
  (failed to check if window was closed: disconnected: not connected to DevTools)
  (Session info: chrome=119.0.6045.159)
Build info: version: '4.13.0', revision: 'ba948ece5b*'
System info: os.name: 'Linux', os.arch: 'amd64', os.version: '5.15.0-89-generic', java.version: '11.0.15.1'
Driver info: org.openqa.selenium.chrome.ChromeDriver
Command: [0bb9435f321209b6b82baeba325b9806, findElement {using=xpath, value=//div[@class='otp-wrapper']//input}]
Capabilities {acceptInsecureCerts: false, browserName: chrome, browserVersion: 119.0.6045.159, chrome: {chromedriverVersion: 119.0.6045.105 (38c72552c5e..., userDataDir: /tmp/.org.chromium.Chromium...}, fedcm:accounts: true, goog:chromeOptions: {debuggerAddress: localhost:39127}, networkConnectionEnabled: false, pageLoadStrategy: normal, platformName: linux, proxy: Proxy(), se:cdp: ws://localhost:39127/devtoo..., se:cdpVersion: 119.0.6045.159, setWindowRect: true, strictFileInteractability: false, timeouts: {implicit: 0, pageLoad: 300000, script: 30000}, unhandledPromptBehavior: dismiss and notify, webauthn:extension:credBlob: true, webauthn:extension:largeBlob: true, webauthn:extension:minPinLength: true, webauthn:extension:prf: true, webauthn:virtualAuthenticators: true}
Session ID: 0bb9435f321209b6b82baeba325b9806
at java.base/jdk.internal.reflect.NativeConstructorAccessorImpl.newInstance0(Native Method)
at java.base/jdk.internal.reflect.NativeConstructorAccessorImpl.newInstance(NativeConstructorAccessorImpl.java:62)
at java.base/jdk.internal.reflect.DelegatingConstructorAccessorImpl.newInstance(DelegatingConstructorAccessorImpl.java:45)
at java.base/java.lang.reflect.Constructor.newInstance(Constructor.java:490)
at org.openqa.selenium.remote.codec.w3c.W3CHttpResponseCodec.createException(W3CHttpResponseCodec.java:200)
at org.openqa.selenium.remote.codec.w3c.W3CHttpResponseCodec.decode(W3CHttpResponseCodec.java:133)
at org.openqa.selenium.remote.codec.w3c.W3CHttpResponseCodec.decode(W3CHttpResponseCodec.java:52)
at org.openqa.selenium.remote.HttpCommandExecutor.execute(HttpCommandExecutor.java:191)
at org.openqa.selenium.remote.service.DriverCommandExecutor.invokeExecute(DriverCommandExecutor.java:196)
at org.openqa.selenium.remote.service.DriverCommandExecutor.execute(DriverCommandExecutor.java:171)
at org.openqa.selenium.remote.RemoteWebDriver.execute(RemoteWebDriver.java:602)
at org.openqa.selenium.remote.ElementLocation$ElementFinder$2.findElement(ElementLocation.java:165)
at org.openqa.selenium.remote.ElementLocation.findElement(ElementLocation.java:59)
at org.openqa.selenium.remote.RemoteWebDriver.findElement(RemoteWebDriver.java:359)
at org.openqa.selenium.remote.RemoteWebDriver.findElement(RemoteWebDriver.java:353)
at com.sos.CommonFactory.CommonSelenium.isElementPresent(CommonSelenium.java:123)
at com.sos.Pages.WebPages.RentalServiceWebPage.loginSignUpMethod(RentalServiceWebPage.java:231)
at com.sos.stepDefinitions.TenantVerifications.the_user_logs_in_with_valid_login_credentials(TenantVerifications.java:26)
at ✽.the user logs in with valid login credentials(file:///home/milind/Desktop/WebTestFolder/ProjectFirst/SoftSolutions/src/test/resources/HSFeatures/TenatVerifications.feature:6)
]]>
    </error>
  </testcase> <!-- runScenario -->
  <testcase classname="com.sos.testRunner.TestNG_TestRunner" name="runScenario" time="115.963"/>
  <testcase classname="com.sos.testRunner.TestNG_TestRunner" name="runScenario" time="128.105">
    <failure message="Failed to click on element [By.xpath: //*[contains(text(),&#039;Save and Continue&#039;)]]" type="java.lang.AssertionError">
      <![CDATA[java.lang.AssertionError: Failed to click on element [By.xpath: //*[contains(text(),'Save and Continue')]]
at org.testng.Assert.fail(Assert.java:111)
at com.sos.CommonFactory.CommonSelenium.click(CommonSelenium.java:189)
at com.sos.Pages.WebPages.RentalServiceWebPage.SaveAndContinueBtn(RentalServiceWebPage.java:99)
at com.sos.stepDefinitions.RAStampedAgreement.user_selects_notarized_agreement_e_sign_delivery_addons_and_clicks_on_save_and_continue_button(RAStampedAgreement.java:118)
at ✽.User selects Notarized Agreement,eSign,delivery Addons and clicks on Save and Continue button(file:///home/milind/Desktop/WebTestFolder/ProjectFirst/SoftSolutions/src/test/resources/HSFeatures/E-Stamped%20Agreement.feature:124)
]]>
    </failure>
  </testcase> <!-- runScenario -->
  <testcase classname="com.sos.testRunner.TestNG_TestRunner" name="runScenario" time="133.659">
    <failure message="Failed to click on element [By.xpath: //*[@class=&#039;stepcontent&#039; and text()=&#039;Summary&#039;]]" type="java.lang.AssertionError">
      <![CDATA[java.lang.AssertionError: Failed to click on element [By.xpath: //*[@class='stepcontent' and text()='Summary']]
at org.testng.Assert.fail(Assert.java:111)
at com.sos.CommonFactory.CommonSelenium.click(CommonSelenium.java:189)
at com.sos.Pages.WebPages.RentalServiceWebPage.clickOnSummary(RentalServiceWebPage.java:537)
at com.sos.stepDefinitions.RAStampedAgreement.clicking_on_the_summary_content_and_redirects_on_the_summary_page(RAStampedAgreement.java:93)
at ✽.clicking on the summaryContent and redirects on the SummaryPage(file:///home/milind/Desktop/WebTestFolder/ProjectFirst/SoftSolutions/src/test/resources/HSFeatures/E-Stamped%20Agreement.feature:99)
]]>
    </failure>
  </testcase> <!-- runScenario -->
</testsuite> <!-- com.sos.testRunner.TestNG_TestRunner -->
